Start testing: Jul 07 21:46 UTC
----------------------------------------------------------
1/1 Testing: NexioraCoreTests
1/1 Test: NexioraCoreTests
Command: "/mnt/data/Nexiora_work/Nexiora/Build/linux/bin/nexiora_tests"
Directory: /mnt/data/Nexiora_work/Nexiora/Build/linux
"NexioraCoreTests" start time: Jul 07 21:46 UTC
Output:
----------------------------------------------------------
Nexiora Core Tests: PASS
<end of output>
Test time =   0.01 sec
----------------------------------------------------------
Test Passed.
"NexioraCoreTests" end time: Jul 07 21:46 UTC
"NexioraCoreTests" time elapsed: 00:00:00
----------------------------------------------------------

End testing: Jul 07 21:46 UTC
