Start testing: Jul 07 16:46 Central Standard Time (Mexico)
----------------------------------------------------------
1/1 Testing: NexioraCoreTests
1/1 Test: NexioraCoreTests
Command: "D:/Nexiora/Build/windows-msvc-debug/bin/nexiora_tests.exe"
Directory: D:/Nexiora/Build/windows-msvc-debug
"NexioraCoreTests" start time: Jul 07 16:46 Central Standard Time (Mexico)
Output:
----------------------------------------------------------
Nexiora Core Tests: PASS
<end of output>
Test time =   0.01 sec
----------------------------------------------------------
Test Passed.
"NexioraCoreTests" end time: Jul 07 16:46 Central Standard Time (Mexico)
"NexioraCoreTests" time elapsed: 00:00:00
----------------------------------------------------------

End testing: Jul 07 16:46 Central Standard Time (Mexico)
